app_crescimento/android/app/build/intermediates/manifest_merge_blame_file/release/manifest-merger-blame-release-report.txt
1<?xml version="1.0" encoding="utf-8"?>
2<manifest xmlns:android="http://schemas.android.com/apk/res/android"
3    package="com.example.crescimento"
4    android:versionCode="1"
5    android:versionName="1.0.0" >
6
7    <uses-sdk
8        android:minSdkVersion="21"
9        android:targetSdkVersion="35" />
10    <!--
11         Required to query activities that can process text, see:
12         https://developer.android.com/training/package-visibility and
13         https://developer.android.com/reference/android/content/Intent#ACTION_PROCESS_TEXT.
14
15         In particular, this is used by the Flutter engine in io.flutter.plugin.text.ProcessTextPlugin.
16    -->
17    <queries>
17-->src\main\AndroidManifest.xml:39:5-44:15
18        <intent>
18-->src\main\AndroidManifest.xml:40:9-43:18
19            <action android:name="android.intent.action.PROCESS_TEXT" />
19-->src\main\AndroidManifest.xml:41:13-72
19-->src\main\AndroidManifest.xml:41:21-70
20
21            <data android:mimeType="text/plain" />
21-->src\main\AndroidManifest.xml:42:13-50
21-->src\main\AndroidManifest.xml:42:19-48
22        </intent>
23        <intent>
23-->[:flutter_inappwebview_android] AndroidManifest.xml:8:9-10:18
24            <action android:name="android.support.customtabs.action.CustomTabsService" />
24-->[:flutter_inappwebview_android] AndroidManifest.xml:9:13-90
24-->[:flutter_inappwebview_android] AndroidManifest.xml:9:21-87
25        </intent>
26    </queries>
27
28    <permission
28-->[androidx.core:core:1.13.1] AndroidManifest.xml:22:5-24:47
29        android:name="com.example.crescimento.DYNAMIC_RECEIVER_NOT_EXPORTED_PERMISSION"
29-->[androidx.core:core:1.13.1] AndroidManifest.xml:23:9-81
30        android:protectionLevel="signature" />
30-->[androidx.core:core:1.13.1] AndroidManifest.xml:24:9-44
31
32    <uses-permission android:name="com.example.crescimento.DYNAMIC_RECEIVER_NOT_EXPORTED_PERMISSION" />
32-->[androidx.core:core:1.13.1] AndroidManifest.xml:26:5-97
32-->[androidx.core:core:1.13.1] AndroidManifest.xml:26:22-94
33
34    <application
35        android:name="android.app.Application"
35-->src\main\AndroidManifest.xml:4:9-42
36        android:appComponentFactory="androidx.core.app.CoreComponentFactory"
36-->[androidx.core:core:1.13.1] AndroidManifest.xml:28:18-86
37        android:extractNativeLibs="true"
38        android:icon="@mipmap/ic_launcher"
38-->src\main\AndroidManifest.xml:5:9-43
39        android:label="crescimento" >
39-->src\main\AndroidManifest.xml:3:9-36
40        <activity
40-->src\main\AndroidManifest.xml:6:9-27:20
41            android:name="com.example.crescimento.MainActivity"
41-->src\main\AndroidManifest.xml:7:13-41
42            android:configChanges="orientation|keyboardHidden|keyboard|screenSize|smallestScreenSize|locale|layoutDirection|fontScale|screenLayout|density|uiMode"
42-->src\main\AndroidManifest.xml:12:13-163
43            android:exported="true"
43-->src\main\AndroidManifest.xml:8:13-36
44            android:hardwareAccelerated="true"
44-->src\main\AndroidManifest.xml:13:13-47
45            android:launchMode="singleTop"
45-->src\main\AndroidManifest.xml:9:13-43
46            android:taskAffinity=""
46-->src\main\AndroidManifest.xml:10:13-36
47            android:theme="@style/LaunchTheme"
47-->src\main\AndroidManifest.xml:11:13-47
48            android:windowSoftInputMode="adjustResize" >
48-->src\main\AndroidManifest.xml:14:13-55
49
50            <!--
51                 Specifies an Android theme to apply to this Activity as soon as
52                 the Android process has started. This theme is visible to the user
53                 while the Flutter UI initializes. After that, this theme continues
54                 to determine the Window background behind the Flutter UI.
55            -->
56            <meta-data
56-->src\main\AndroidManifest.xml:19:13-22:17
57                android:name="io.flutter.embedding.android.NormalTheme"
57-->src\main\AndroidManifest.xml:20:15-70
58                android:resource="@style/NormalTheme" />
58-->src\main\AndroidManifest.xml:21:15-52
59
60            <intent-filter>
60-->src\main\AndroidManifest.xml:23:13-26:29
61                <action android:name="android.intent.action.MAIN" />
61-->src\main\AndroidManifest.xml:24:17-68
61-->src\main\AndroidManifest.xml:24:25-66
62
63                <category android:name="android.intent.category.LAUNCHER" />
63-->src\main\AndroidManifest.xml:25:17-76
63-->src\main\AndroidManifest.xml:25:27-74
64            </intent-filter>
65        </activity>
66        <!--
67             Don't delete the meta-data below.
68             This is used by the Flutter tool to generate GeneratedPluginRegistrant.java
69        -->
70        <meta-data
70-->src\main\AndroidManifest.xml:30:9-32:33
71            android:name="flutterEmbedding"
71-->src\main\AndroidManifest.xml:31:13-44
72            android:value="2" />
72-->src\main\AndroidManifest.xml:32:13-30
73
74        <activity
74-->[:flutter_inappwebview_android] AndroidManifest.xml:14:9-18:47
75            android:name="com.pichillilorenzo.flutter_inappwebview_android.in_app_browser.InAppBrowserActivity"
75-->[:flutter_inappwebview_android] AndroidManifest.xml:15:13-112
76            android:configChanges="orientation|keyboardHidden|keyboard|screenSize|locale|layoutDirection|fontScale|screenLayout|density"
76-->[:flutter_inappwebview_android] AndroidManifest.xml:16:13-137
77            android:exported="false"
77-->[:flutter_inappwebview_android] AndroidManifest.xml:17:13-37
78            android:theme="@style/AppTheme" />
78-->[:flutter_inappwebview_android] AndroidManifest.xml:18:13-44
79        <activity
79-->[:flutter_inappwebview_android] AndroidManifest.xml:19:9-22:55
80            android:name="com.pichillilorenzo.flutter_inappwebview_android.chrome_custom_tabs.ChromeCustomTabsActivity"
80-->[:flutter_inappwebview_android] AndroidManifest.xml:20:13-120
81            android:exported="false"
81-->[:flutter_inappwebview_android] AndroidManifest.xml:21:13-37
82            android:theme="@style/ThemeTransparent" />
82-->[:flutter_inappwebview_android] AndroidManifest.xml:22:13-52
83        <activity
83-->[:flutter_inappwebview_android] AndroidManifest.xml:23:9-26:55
84            android:name="com.pichillilorenzo.flutter_inappwebview_android.chrome_custom_tabs.TrustedWebActivity"
84-->[:flutter_inappwebview_android] AndroidManifest.xml:24:13-114
85            android:exported="false"
85-->[:flutter_inappwebview_android] AndroidManifest.xml:25:13-37
86            android:theme="@style/ThemeTransparent" />
86-->[:flutter_inappwebview_android] AndroidManifest.xml:26:13-52
87        <activity
87-->[:flutter_inappwebview_android] AndroidManifest.xml:27:9-31:55
88            android:name="com.pichillilorenzo.flutter_inappwebview_android.chrome_custom_tabs.ChromeCustomTabsActivitySingleInstance"
88-->[:flutter_inappwebview_android] AndroidManifest.xml:28:13-134
89            android:exported="false"
89-->[:flutter_inappwebview_android] AndroidManifest.xml:29:13-37
90            android:launchMode="singleInstance"
90-->[:flutter_inappwebview_android] AndroidManifest.xml:30:13-48
91            android:theme="@style/ThemeTransparent" />
91-->[:flutter_inappwebview_android] AndroidManifest.xml:31:13-52
92        <activity
92-->[:flutter_inappwebview_android] AndroidManifest.xml:32:9-36:55
93            android:name="com.pichillilorenzo.flutter_inappwebview_android.chrome_custom_tabs.TrustedWebActivitySingleInstance"
93-->[:flutter_inappwebview_android] AndroidManifest.xml:33:13-128
94            android:exported="false"
94-->[:flutter_inappwebview_android] AndroidManifest.xml:34:13-37
95            android:launchMode="singleInstance"
95-->[:flutter_inappwebview_android] AndroidManifest.xml:35:13-48
96            android:theme="@style/ThemeTransparent" />
96-->[:flutter_inappwebview_android] AndroidManifest.xml:36:13-52
97
98        <receiver
98-->[:flutter_inappwebview_android] AndroidManifest.xml:38:9-41:40
99            android:name="com.pichillilorenzo.flutter_inappwebview_android.chrome_custom_tabs.ActionBroadcastReceiver"
99-->[:flutter_inappwebview_android] AndroidManifest.xml:39:13-119
100            android:enabled="true"
100-->[:flutter_inappwebview_android] AndroidManifest.xml:40:13-35
101            android:exported="false" />
101-->[:flutter_inappwebview_android] AndroidManifest.xml:41:13-37
102
103        <meta-data
103-->[:flutter_inappwebview_android] AndroidManifest.xml:43:9-45:36
104            android:name="io.flutter.embedded_views_preview"
104-->[:flutter_inappwebview_android] AndroidManifest.xml:44:13-61
105            android:value="true" />
105-->[:flutter_inappwebview_android] AndroidManifest.xml:45:13-33
106
107        <provider
107-->[androidx.emoji2:emoji2:1.2.0] AndroidManifest.xml:24:9-32:20
108            android:name="androidx.startup.InitializationProvider"
108-->[androidx.emoji2:emoji2:1.2.0] AndroidManifest.xml:25:13-67
109            android:authorities="com.example.crescimento.androidx-startup"
109-->[androidx.emoji2:emoji2:1.2.0] AndroidManifest.xml:26:13-68
110            android:exported="false" >
110-->[androidx.emoji2:emoji2:1.2.0] AndroidManifest.xml:27:13-37
111            <meta-data
111-->[androidx.emoji2:emoji2:1.2.0] AndroidManifest.xml:29:13-31:52
112                android:name="androidx.emoji2.text.EmojiCompatInitializer"
112-->[androidx.emoji2:emoji2:1.2.0] AndroidManifest.xml:30:17-75
113                android:value="androidx.startup" />
113-->[androidx.emoji2:emoji2:1.2.0] AndroidManifest.xml:31:17-49
114            <meta-data
114-->[androidx.lifecycle:lifecycle-process:2.7.0] AndroidManifest.xml:29:13-31:52
115                android:name="androidx.lifecycle.ProcessLifecycleInitializer"
115-->[androidx.lifecycle:lifecycle-process:2.7.0] AndroidManifest.xml:30:17-78
116                android:value="androidx.startup" />
116-->[androidx.lifecycle:lifecycle-process:2.7.0] AndroidManifest.xml:31:17-49
117            <meta-data
117-->[androidx.profileinstaller:profileinstaller:1.3.1] AndroidManifest.xml:29:13-31:52
118                android:name="androidx.profileinstaller.ProfileInstallerInitializer"
118-->[androidx.profileinstaller:profileinstaller:1.3.1] AndroidManifest.xml:30:17-85
119                android:value="androidx.startup" />
119-->[androidx.profileinstaller:profileinstaller:1.3.1] AndroidManifest.xml:31:17-49
120        </provider>
121
122        <uses-library
122-->[androidx.window:window:1.2.0] AndroidManifest.xml:23:9-25:40
123            android:name="androidx.window.extensions"
123-->[androidx.window:window:1.2.0] AndroidManifest.xml:24:13-54
124            android:required="false" />
124-->[androidx.window:window:1.2.0] AndroidManifest.xml:25:13-37
125        <uses-library
125-->[androidx.window:window:1.2.0] AndroidManifest.xml:26:9-28:40
126            android:name="androidx.window.sidecar"
126-->[androidx.window:window:1.2.0] AndroidManifest.xml:27:13-51
127            android:required="false" />
127-->[androidx.window:window:1.2.0] AndroidManifest.xml:28:13-37
128
129        <receiver
129-->[androidx.profileinstaller:profileinstaller:1.3.1] AndroidManifest.xml:34:9-52:20
130            android:name="androidx.profileinstaller.ProfileInstallReceiver"
130-->[androidx.profileinstaller:profileinstaller:1.3.1] AndroidManifest.xml:35:13-76
131            android:directBootAware="false"
131-->[androidx.profileinstaller:profileinstaller:1.3.1] AndroidManifest.xml:36:13-44
132            android:enabled="true"
132-->[androidx.profileinstaller:profileinstaller:1.3.1] AndroidManifest.xml:37:13-35
133            android:exported="true"
133-->[androidx.profileinstaller:profileinstaller:1.3.1] AndroidManifest.xml:38:13-36
134            android:permission="android.permission.DUMP" >
134-->[androidx.profileinstaller:profileinstaller:1.3.1] AndroidManifest.xml:39:13-57
135            <intent-filter>
135-->[androidx.profileinstaller:profileinstaller:1.3.1] AndroidManifest.xml:40:13-42:29
136                <action android:name="androidx.profileinstaller.action.INSTALL_PROFILE" />
136-->[androidx.profileinstaller:profileinstaller:1.3.1] AndroidManifest.xml:41:17-91
136-->[androidx.profileinstaller:profileinstaller:1.3.1] AndroidManifest.xml:41:25-88
137            </intent-filter>
138            <intent-filter>
138-->[androidx.profileinstaller:profileinstaller:1.3.1] AndroidManifest.xml:43:13-45:29
139                <action android:name="androidx.profileinstaller.action.SKIP_FILE" />
139-->[androidx.profileinstaller:profileinstaller:1.3.1] AndroidManifest.xml:44:17-85
139-->[androidx.profileinstaller:profileinstaller:1.3.1] AndroidManifest.xml:44:25-82
140            </intent-filter>
141            <intent-filter>
141-->[androidx.profileinstaller:profileinstaller:1.3.1] AndroidManifest.xml:46:13-48:29
142                <action android:name="androidx.profileinstaller.action.SAVE_PROFILE" />
142-->[androidx.profileinstaller:profileinstaller:1.3.1] AndroidManifest.xml:47:17-88
142-->[androidx.profileinstaller:profileinstaller:1.3.1] AndroidManifest.xml:47:25-85
143            </intent-filter>
144            <intent-filter>
144-->[androidx.profileinstaller:profileinstaller:1.3.1] AndroidManifest.xml:49:13-51:29
145                <action android:name="androidx.profileinstaller.action.BENCHMARK_OPERATION" />
145-->[androidx.profileinstaller:profileinstaller:1.3.1] AndroidManifest.xml:50:17-95
145-->[androidx.profileinstaller:profileinstaller:1.3.1] AndroidManifest.xml:50:25-92
146            </intent-filter>
147        </receiver>
148    </application>
149
150</manifest>